  quadratic_equation.cpp
C:\Users\david\source\repos\quadratic_equation\quadratic_equation\quadratic_equation.cpp(10): warning C4068: unknown pragma
C:\Users\david\source\repos\quadratic_equation\quadratic_equation\quadratic_equation.cpp(24): warning C4566: character represented by universal-character-name '\uADFC' cannot be represented in the current code page (1252)
C:\Users\david\source\repos\quadratic_equation\quadratic_equation\quadratic_equation.cpp(24): warning C4566: character represented by universal-character-name '\uC774' cannot be represented in the current code page (1252)
C:\Users\david\source\repos\quadratic_equation\quadratic_equation\quadratic_equation.cpp(24): warning C4566: character represented by universal-character-name '\uC874' cannot be represented in the current code page (1252)
C:\Users\david\source\repos\quadratic_equation\quadratic_equation\quadratic_equation.cpp(24): warning C4566: character represented by universal-character-name '\uC7AC' cannot be represented in the current code page (1252)
C:\Users\david\source\repos\quadratic_equation\quadratic_equation\quadratic_equation.cpp(24): warning C4566: character represented by universal-character-name '\uD558' cannot be represented in the current code page (1252)
C:\Users\david\source\repos\quadratic_equation\quadratic_equation\quadratic_equation.cpp(24): warning C4566: character represented by universal-character-name '\uC9C0' cannot be represented in the current code page (1252)
C:\Users\david\source\repos\quadratic_equation\quadratic_equation\quadratic_equation.cpp(24): warning C4566: character represented by universal-character-name '\uC54A' cannot be represented in the current code page (1252)
C:\Users\david\source\repos\quadratic_equation\quadratic_equation\quadratic_equation.cpp(24): warning C4566: character represented by universal-character-name '\uC2B5' cannot be represented in the current code page (1252)
C:\Users\david\source\repos\quadratic_equation\quadratic_equation\quadratic_equation.cpp(24): warning C4566: character represented by universal-character-name '\uB2C8' cannot be represented in the current code page (1252)
C:\Users\david\source\repos\quadratic_equation\quadratic_equation\quadratic_equation.cpp(24): warning C4566: character represented by universal-character-name '\uB2E4' cannot be represented in the current code page (1252)
C:\Users\david\source\repos\quadratic_equation\quadratic_equation\quadratic_equation.cpp(32): warning C4566: character represented by universal-character-name '\uADFC' cannot be represented in the current code page (1252)
C:\Users\david\source\repos\quadratic_equation\quadratic_equation\quadratic_equation.cpp(32): warning C4566: character represented by universal-character-name '\uC740' cannot be represented in the current code page (1252)
C:\Users\david\source\repos\quadratic_equation\quadratic_equation\quadratic_equation.cpp(32): warning C4566: character represented by universal-character-name '\uC785' cannot be represented in the current code page (1252)
C:\Users\david\source\repos\quadratic_equation\quadratic_equation\quadratic_equation.cpp(32): warning C4566: character represented by universal-character-name '\uB2C8' cannot be represented in the current code page (1252)
C:\Users\david\source\repos\quadratic_equation\quadratic_equation\quadratic_equation.cpp(32): warning C4566: character represented by universal-character-name '\uB2E4' cannot be represented in the current code page (1252)
C:\Users\david\source\repos\quadratic_equation\quadratic_equation\quadratic_equation.cpp(32): warning C4566: character represented by universal-character-name '\uC911' cannot be represented in the current code page (1252)
C:\Users\david\source\repos\quadratic_equation\quadratic_equation\quadratic_equation.cpp(37): warning C4244: '=': conversion from 'double' to 'float', possible loss of data
C:\Users\david\source\repos\quadratic_equation\quadratic_equation\quadratic_equation.cpp(41): warning C4566: character represented by universal-character-name '\uADFC' cannot be represented in the current code page (1252)
C:\Users\david\source\repos\quadratic_equation\quadratic_equation\quadratic_equation.cpp(41): warning C4566: character represented by universal-character-name '\uC740' cannot be represented in the current code page (1252)
C:\Users\david\source\repos\quadratic_equation\quadratic_equation\quadratic_equation.cpp(41): warning C4566: character represented by universal-character-name '\uC640' cannot be represented in the current code page (1252)
C:\Users\david\source\repos\quadratic_equation\quadratic_equation\quadratic_equation.cpp(41): warning C4566: character represented by universal-character-name '\uC785' cannot be represented in the current code page (1252)
C:\Users\david\source\repos\quadratic_equation\quadratic_equation\quadratic_equation.cpp(41): warning C4566: character represented by universal-character-name '\uB2C8' cannot be represented in the current code page (1252)
C:\Users\david\source\repos\quadratic_equation\quadratic_equation\quadratic_equation.cpp(41): warning C4566: character represented by universal-character-name '\uB2E4' cannot be represented in the current code page (1252)
C:\Users\david\source\repos\quadratic_equation\quadratic_equation\quadratic_equation.cpp(48): warning C4566: character represented by universal-character-name '\uC774' cannot be represented in the current code page (1252)
C:\Users\david\source\repos\quadratic_equation\quadratic_equation\quadratic_equation.cpp(48): warning C4566: character represented by universal-character-name '\uCC28' cannot be represented in the current code page (1252)
C:\Users\david\source\repos\quadratic_equation\quadratic_equation\quadratic_equation.cpp(48): warning C4566: character represented by universal-character-name '\uD56D' cannot be represented in the current code page (1252)
C:\Users\david\source\repos\quadratic_equation\quadratic_equation\quadratic_equation.cpp(48): warning C4566: character represented by universal-character-name '\uC758' cannot be represented in the current code page (1252)
C:\Users\david\source\repos\quadratic_equation\quadratic_equation\quadratic_equation.cpp(48): warning C4566: character represented by universal-character-name '\uACC4' cannot be represented in the current code page (1252)
C:\Users\david\source\repos\quadratic_equation\quadratic_equation\quadratic_equation.cpp(48): warning C4566: character represented by universal-character-name '\uC218' cannot be represented in the current code page (1252)
C:\Users\david\source\repos\quadratic_equation\quadratic_equation\quadratic_equation.cpp(51): warning C4566: character represented by universal-character-name '\uC77C' cannot be represented in the current code page (1252)
C:\Users\david\source\repos\quadratic_equation\quadratic_equation\quadratic_equation.cpp(51): warning C4566: character represented by universal-character-name '\uCC28' cannot be represented in the current code page (1252)
C:\Users\david\source\repos\quadratic_equation\quadratic_equation\quadratic_equation.cpp(51): warning C4566: character represented by universal-character-name '\uD56D' cannot be represented in the current code page (1252)
C:\Users\david\source\repos\quadratic_equation\quadratic_equation\quadratic_equation.cpp(51): warning C4566: character represented by universal-character-name '\uC758' cannot be represented in the current code page (1252)
C:\Users\david\source\repos\quadratic_equation\quadratic_equation\quadratic_equation.cpp(51): warning C4566: character represented by universal-character-name '\uACC4' cannot be represented in the current code page (1252)
C:\Users\david\source\repos\quadratic_equation\quadratic_equation\quadratic_equation.cpp(51): warning C4566: character represented by universal-character-name '\uC218' cannot be represented in the current code page (1252)
C:\Users\david\source\repos\quadratic_equation\quadratic_equation\quadratic_equation.cpp(54): warning C4566: character represented by universal-character-name '\uC0C1' cannot be represented in the current code page (1252)
C:\Users\david\source\repos\quadratic_equation\quadratic_equation\quadratic_equation.cpp(54): warning C4566: character represented by universal-character-name '\uC218' cannot be represented in the current code page (1252)
C:\Users\david\source\repos\quadratic_equation\quadratic_equation\quadratic_equation.cpp(54): warning C4566: character represented by universal-character-name '\uD56D' cannot be represented in the current code page (1252)
  quadratic_equation.vcxproj -> C:\Users\david\source\repos\quadratic_equation\Debug\quadratic_equation.exe
